[22:25:04] [ServerMain/INFO]: Environment: Environment[sessionHost=https://sessionserver.mojang.com, servicesHost=https://api.minecraftservices.com, name=PROD]
[22:25:06] [ServerMain/INFO]: No existing world data, creating new world
[22:25:08] [ServerMain/INFO]: Loaded 1337 recipes
[22:25:08] [ServerMain/INFO]: Loaded 1448 advancements
[22:25:08] [Server thread/INFO]: Starting minecraft server version 1.21.3
[22:25:08] [Server thread/INFO]: Loading properties
[22:25:08] [Server thread/INFO]: Default game type: SURVIVAL
[22:25:08] [Server thread/INFO]: Generating keypair
[22:25:08] [Server thread/INFO]: Starting Minecraft server on *:25565
[22:25:08] [Server thread/INFO]: Using epoll channel type
[22:25:08] [Server thread/WARN]: **** SERVER IS RUNNING IN OFFLINE/INSECURE MODE!
[22:25:08] [Server thread/WARN]: The server will make no attempt to authenticate usernames. Beware.
[22:25:08] [Server thread/WARN]: While this makes the game possible to play without internet access, it also opens up the ability for hackers to connect with any username they choose.
[22:25:08] [Server thread/WARN]: To change this, set "online-mode" to "true" in the server.properties file.
[22:25:08] [Server thread/INFO]: Preparing level "world"
[22:25:23] [Server thread/INFO]: Preparing start region for dimension minecraft:overworld
[22:25:23] [Worker-Main-2/INFO]: Preparing spawn area: 2%
[22:25:24] [Worker-Main-2/INFO]: Preparing spawn area: 2%
[22:25:24] [Worker-Main-2/INFO]: Preparing spawn area: 2%
[22:25:24] [Worker-Main-2/INFO]: Preparing spawn area: 2%
[22:25:25] [Worker-Main-2/INFO]: Preparing spawn area: 2%
[22:25:25] [Worker-Main-2/INFO]: Preparing spawn area: 2%
[22:25:26] [Worker-Main-2/INFO]: Preparing spawn area: 2%
[22:25:26] [Worker-Main-2/INFO]: Preparing spawn area: 4%
[22:25:27] [Worker-Main-1/INFO]: Preparing spawn area: 18%
[22:25:27] [Worker-Main-1/INFO]: Preparing spawn area: 18%
[22:25:28] [Worker-Main-1/INFO]: Preparing spawn area: 18%
[22:25:28] [Worker-Main-1/INFO]: Preparing spawn area: 18%
[22:25:29] [Worker-Main-1/INFO]: Preparing spawn area: 18%
[22:25:29] [Worker-Main-1/INFO]: Preparing spawn area: 18%
[22:25:30] [Worker-Main-1/INFO]: Preparing spawn area: 18%
[22:25:30] [Worker-Main-1/INFO]: Preparing spawn area: 22%
[22:25:31] [Server thread/INFO]: Time elapsed: 7739 ms
[22:25:31] [Server thread/INFO]: Done (22.051s)! For help, type "help"
[22:26:30] [Server thread/INFO]: Server empty for 60 seconds, pausing
